2025-11-07-01:50:03.646 [main] t.s.plugins.service.PluginService - Starting PluginService v5.2-RELEASE-16 using Java 17.0.17 with PID 62 (/opt/tak/takserver-pm.jar started by root in /opt/tak)
2025-11-07-01:50:03.685 [main] t.s.plugins.service.PluginService - No active profile set, falling back to 1 default profile: "default"
2025-11-07-01:50:43.029 [main] t.s.plugins.service.PluginService - pluginDataFeedApi available: true
2025-11-07-01:50:43.052 [main] t.s.plugins.service.PluginService - Waiting for the API process...
2025-11-07-01:50:44.054 [main] t.s.plugins.service.PluginService - Waiting for the API process...
2025-11-07-01:50:45.056 [main] t.s.plugins.service.PluginService - Waiting for the API process...
2025-11-07-01:50:46.059 [main] t.s.plugins.service.PluginService - Waiting for the API process...
2025-11-07-01:50:50.398 [main] t.s.plugins.service.PluginService - Waiting for the API process...
2025-11-07-01:50:51.405 [main] t.s.plugins.service.PluginService - Waiting for the API process...
2025-11-07-01:50:52.407 [main] t.s.plugins.service.PluginService - Waiting for the API process...
2025-11-07-01:50:53.408 [main] t.s.plugins.service.PluginService - Waiting for the API process...
2025-11-07-01:50:54.410 [main] t.s.plugins.service.PluginService - Waiting for the API process...
2025-11-07-01:50:55.416 [main] t.s.plugins.service.PluginService - Waiting for the API process...
2025-11-07-01:50:56.419 [main] t.s.plugins.service.PluginService - Waiting for the API process...
2025-11-07-01:50:57.431 [main] t.s.plugins.service.PluginService - Waiting for the API process...
2025-11-07-01:50:58.432 [main] t.s.plugins.service.PluginService - Waiting for the API process...
2025-11-07-01:50:58.480 [main] t.s.plugins.service.PluginService - pluginMissionApi available: true
2025-11-07-01:50:58.826 [main] tak.server.util.DataSourceUtils - 24 CPU cores detected. Postgres server maximum allowed connections value is 100. The computed connection pool size is: 49
2025-11-07-01:50:58.837 [main] com.zaxxer.hikari.HikariDataSource - HikariPool-1 - Starting...
2025-11-07-01:50:58.869 [main] com.zaxxer.hikari.HikariDataSource - HikariPool-1 - Start completed.
2025-11-07-01:50:58.892 [main] t.s.plugins.service.PluginService - Waiting for the API process...
2025-11-07-01:50:58.939 [main] t.s.plugins.service.PluginService - pluginCoreConfigApi available: true
2025-11-07-01:50:58.961 [main] t.s.p.messaging.PluginMessenger - create PluginMessenger
2025-11-07-01:50:59.941 [main] t.s.p.manager.loader.PluginLoader - starting PluginLoader
2025-11-07-01:51:00.030 [main] t.s.p.messaging.PluginMessenger - starting PluginMessenger
2025-11-07-01:51:00.035 [main] t.s.plugins.service.PluginService - Started PluginService in 51.112 seconds (process running for 69.717)
2025-11-07-02:33:42.201 [main] t.s.plugins.service.PluginService - Starting PluginService v5.2-RELEASE-16 using Java 17.0.17 with PID 161 (/opt/tak/takserver-pm.jar started by root in /opt/tak)
2025-11-07-02:33:42.208 [main] t.s.plugins.service.PluginService - No active profile set, falling back to 1 default profile: "default"
2025-11-07-02:34:18.070 [main] t.s.plugins.service.PluginService - pluginDataFeedApi available: true
2025-11-07-02:34:18.101 [main] t.s.plugins.service.PluginService - Waiting for the API process...
2025-11-07-02:34:19.103 [main] t.s.plugins.service.PluginService - Waiting for the API process...
2025-11-07-02:34:20.106 [main] t.s.plugins.service.PluginService - Waiting for the API process...
2025-11-07-02:34:21.108 [main] t.s.plugins.service.PluginService - Waiting for the API process...
2025-11-07-02:34:22.110 [main] t.s.plugins.service.PluginService - Waiting for the API process...
2025-11-07-02:34:23.112 [main] t.s.plugins.service.PluginService - Waiting for the API process...
2025-11-07-02:34:24.114 [main] t.s.plugins.service.PluginService - Waiting for the API process...
2025-11-07-02:34:25.116 [main] t.s.plugins.service.PluginService - Waiting for the API process...
2025-11-07-02:34:26.117 [main] t.s.plugins.service.PluginService - Waiting for the API process...
2025-11-07-02:34:27.122 [main] t.s.plugins.service.PluginService - Waiting for the API process...
2025-11-07-02:34:28.124 [main] t.s.plugins.service.PluginService - Waiting for the API process...
2025-11-07-02:34:29.128 [main] t.s.plugins.service.PluginService - Waiting for the API process...
2025-11-07-02:34:30.130 [main] t.s.plugins.service.PluginService - Waiting for the API process...
2025-11-07-02:34:30.480 [main] t.s.plugins.service.PluginService - pluginMissionApi available: true
2025-11-07-02:34:30.839 [main] tak.server.util.DataSourceUtils - 24 CPU cores detected. Postgres server maximum allowed connections value is 100. The computed connection pool size is: 49
2025-11-07-02:34:30.845 [main] com.zaxxer.hikari.HikariDataSource - HikariPool-1 - Starting...
2025-11-07-02:34:30.866 [main] com.zaxxer.hikari.HikariDataSource - HikariPool-1 - Start completed.
2025-11-07-02:34:30.906 [main] t.s.plugins.service.PluginService - Waiting for the API process...
2025-11-07-02:34:30.965 [main] t.s.plugins.service.PluginService - pluginCoreConfigApi available: true
2025-11-07-02:34:30.984 [main] t.s.p.messaging.PluginMessenger - create PluginMessenger
2025-11-07-02:34:31.780 [main] t.s.p.manager.loader.PluginLoader - starting PluginLoader
2025-11-07-02:34:31.829 [main] t.s.p.messaging.PluginMessenger - starting PluginMessenger
2025-11-07-02:34:31.835 [main] t.s.plugins.service.PluginService - Started PluginService in 47.391 seconds (process running for 66.437)
2025-11-07-02:41:04.556 [main] t.s.plugins.service.PluginService - Starting PluginService v5.2-RELEASE-16 using Java 17.0.17 with PID 61 (/opt/tak/takserver-pm.jar started by root in /opt/tak)
2025-11-07-02:41:04.561 [main] t.s.plugins.service.PluginService - No active profile set, falling back to 1 default profile: "default"
2025-11-07-02:41:43.326 [main] t.s.plugins.service.PluginService - pluginDataFeedApi available: true
2025-11-07-02:41:43.349 [main] t.s.plugins.service.PluginService - Waiting for the API process...
2025-11-07-02:41:44.352 [main] t.s.plugins.service.PluginService - Waiting for the API process...
2025-11-07-02:41:45.356 [main] t.s.plugins.service.PluginService - Waiting for the API process...
2025-11-07-02:41:46.358 [main] t.s.plugins.service.PluginService - Waiting for the API process...
2025-11-07-02:41:47.360 [main] t.s.plugins.service.PluginService - Waiting for the API process...
2025-11-07-02:41:48.361 [main] t.s.plugins.service.PluginService - Waiting for the API process...
2025-11-07-02:41:49.363 [main] t.s.plugins.service.PluginService - Waiting for the API process...
2025-11-07-02:41:50.365 [main] t.s.plugins.service.PluginService - Waiting for the API process...
2025-11-07-02:41:51.367 [main] t.s.plugins.service.PluginService - Waiting for the API process...
2025-11-07-02:41:52.369 [main] t.s.plugins.service.PluginService - Waiting for the API process...
2025-11-07-02:41:53.370 [main] t.s.plugins.service.PluginService - Waiting for the API process...
2025-11-07-02:41:57.712 [main] t.s.plugins.service.PluginService - Waiting for the API process...
2025-11-07-02:41:58.039 [main] t.s.plugins.service.PluginService - pluginMissionApi available: true
2025-11-07-02:41:58.419 [main] tak.server.util.DataSourceUtils - 24 CPU cores detected. Postgres server maximum allowed connections value is 100. The computed connection pool size is: 49
2025-11-07-02:41:58.425 [main] com.zaxxer.hikari.HikariDataSource - HikariPool-1 - Starting...
2025-11-07-02:41:58.450 [main] com.zaxxer.hikari.HikariDataSource - HikariPool-1 - Start completed.
2025-11-07-02:41:58.475 [main] t.s.plugins.service.PluginService - Waiting for the API process...
2025-11-07-02:41:58.528 [main] t.s.plugins.service.PluginService - pluginCoreConfigApi available: true
2025-11-07-02:41:58.546 [main] t.s.p.messaging.PluginMessenger - create PluginMessenger
2025-11-07-02:41:59.464 [main] t.s.p.manager.loader.PluginLoader - starting PluginLoader
2025-11-07-02:41:59.523 [main] t.s.p.messaging.PluginMessenger - starting PluginMessenger
2025-11-07-02:41:59.529 [main] t.s.plugins.service.PluginService - Started PluginService in 49.444 seconds (process running for 69.002)
2025-11-07-02:42:48.832 [main] t.s.plugins.service.PluginService - Starting PluginService v5.2-RELEASE-16 using Java 17.0.17 with PID 64 (/opt/tak/takserver-pm.jar started by root in /opt/tak)
2025-11-07-02:42:48.843 [main] t.s.plugins.service.PluginService - No active profile set, falling back to 1 default profile: "default"
2025-11-07-02:43:27.274 [main] t.s.plugins.service.PluginService - pluginDataFeedApi available: true
2025-11-07-02:43:27.314 [main] t.s.plugins.service.PluginService - Waiting for the API process...
2025-11-07-02:43:28.316 [main] t.s.plugins.service.PluginService - Waiting for the API process...
2025-11-07-02:43:29.319 [main] t.s.plugins.service.PluginService - Waiting for the API process...
2025-11-07-02:43:30.320 [main] t.s.plugins.service.PluginService - Waiting for the API process...
2025-11-07-02:43:31.322 [main] t.s.plugins.service.PluginService - Waiting for the API process...
2025-11-07-02:43:32.328 [main] t.s.plugins.service.PluginService - Waiting for the API process...
2025-11-07-02:43:33.330 [main] t.s.plugins.service.PluginService - Waiting for the API process...
2025-11-07-02:43:37.666 [main] t.s.plugins.service.PluginService - Waiting for the API process...
2025-11-07-02:43:38.671 [main] t.s.plugins.service.PluginService - Waiting for the API process...
2025-11-07-02:43:39.672 [main] t.s.plugins.service.PluginService - Waiting for the API process...
2025-11-07-02:43:40.675 [main] t.s.plugins.service.PluginService - Waiting for the API process...
2025-11-07-02:43:41.677 [main] t.s.plugins.service.PluginService - Waiting for the API process...
2025-11-07-02:43:42.738 [main] t.s.plugins.service.PluginService - Waiting for the API process...
2025-11-07-02:43:42.759 [main] t.s.plugins.service.PluginService - pluginMissionApi available: true
2025-11-07-02:43:43.089 [main] tak.server.util.DataSourceUtils - 24 CPU cores detected. Postgres server maximum allowed connections value is 100. The computed connection pool size is: 49
2025-11-07-02:43:43.100 [main] com.zaxxer.hikari.HikariDataSource - HikariPool-1 - Starting...
2025-11-07-02:43:43.131 [main] com.zaxxer.hikari.HikariDataSource - HikariPool-1 - Start completed.
2025-11-07-02:43:43.159 [main] t.s.plugins.service.PluginService - Waiting for the API process...
2025-11-07-02:43:43.219 [main] t.s.plugins.service.PluginService - pluginCoreConfigApi available: true
2025-11-07-02:43:43.244 [main] t.s.p.messaging.PluginMessenger - create PluginMessenger
2025-11-07-02:43:44.155 [main] t.s.p.manager.loader.PluginLoader - starting PluginLoader
2025-11-07-02:43:44.208 [main] t.s.p.messaging.PluginMessenger - starting PluginMessenger
2025-11-07-02:43:44.215 [main] t.s.plugins.service.PluginService - Started PluginService in 49.83 seconds (process running for 67.807)
